  pch.cpp
  AssemblyInfo.cpp
  Candlestick.cpp
C:\Users\shrij\source\repos\CppCLR_WinFormsProject1 - BindingList\CppCLR_WinFormsProject1\Candlestick.h(54,46): warning C4244: 'argument': conversion from '__int64' to 'long', possible loss of data
  CppCLR_WinFormsProject.cpp
C:\Users\shrij\source\repos\CppCLR_WinFormsProject1 - BindingList\CppCLR_WinFormsProject1\Candlestick.h(54,46): warning C4244: 'argument': conversion from '__int64' to 'long', possible loss of data
C:\Users\shrij\source\repos\CppCLR_WinFormsProject1 - BindingList\CppCLR_WinFormsProject1\MyForm.h(69,9): warning C4677: 'MyForm': signature of non-private member contains assembly private type 'Candlestick'
C:\Users\shrij\source\repos\CppCLR_WinFormsProject1 - BindingList\CppCLR_WinFormsProject1\Candlestick.h(10,11): message : see declaration of 'Candlestick'
C:\Users\shrij\source\repos\CppCLR_WinFormsProject1 - BindingList\CppCLR_WinFormsProject1\MyForm.h(39,29): warning C4101: 'filteredData': unreferenced local variable
C:\Users\shrij\source\repos\CppCLR_WinFormsProject1 - BindingList\CppCLR_WinFormsProject1\MyForm.h(40,29): warning C4101: 'smartDataList': unreferenced local variable
C:\Users\shrij\source\repos\CppCLR_WinFormsProject1 - BindingList\CppCLR_WinFormsProject1\MyForm.h(41,36): warning C4101: 'bindingList': unreferenced local variable
C:\Users\shrij\source\repos\CppCLR_WinFormsProject1 - BindingList\CppCLR_WinFormsProject1\MyForm.h(38,24): warning C4101: 'allCandlesticks': unreferenced local variable
  Form1.cpp
C:\Users\shrij\source\repos\CppCLR_WinFormsProject1 - BindingList\CppCLR_WinFormsProject1\Candlestick.h(54,46): warning C4244: 'argument': conversion from '__int64' to 'long', possible loss of data
C:\Users\shrij\source\repos\CppCLR_WinFormsProject1 - BindingList\CppCLR_WinFormsProject1\MyForm.h(69,9): warning C4677: 'MyForm': signature of non-private member contains assembly private type 'Candlestick'
C:\Users\shrij\source\repos\CppCLR_WinFormsProject1 - BindingList\CppCLR_WinFormsProject1\Candlestick.h(10,11): message : see declaration of 'Candlestick'
C:\Users\shrij\source\repos\CppCLR_WinFormsProject1 - BindingList\CppCLR_WinFormsProject1\MyForm.h(39,29): warning C4101: 'filteredData': unreferenced local variable
C:\Users\shrij\source\repos\CppCLR_WinFormsProject1 - BindingList\CppCLR_WinFormsProject1\MyForm.h(40,29): warning C4101: 'smartDataList': unreferenced local variable
C:\Users\shrij\source\repos\CppCLR_WinFormsProject1 - BindingList\CppCLR_WinFormsProject1\MyForm.h(41,36): warning C4101: 'bindingList': unreferenced local variable
C:\Users\shrij\source\repos\CppCLR_WinFormsProject1 - BindingList\CppCLR_WinFormsProject1\MyForm.h(38,24): warning C4101: 'allCandlesticks': unreferenced local variable
  MyForm.cpp
C:\Users\shrij\source\repos\CppCLR_WinFormsProject1 - BindingList\CppCLR_WinFormsProject1\Candlestick.h(54,46): warning C4244: 'argument': conversion from '__int64' to 'long', possible loss of data
C:\Users\shrij\source\repos\CppCLR_WinFormsProject1 - BindingList\CppCLR_WinFormsProject1\MyForm.h(69,9): warning C4677: 'MyForm': signature of non-private member contains assembly private type 'Candlestick'
C:\Users\shrij\source\repos\CppCLR_WinFormsProject1 - BindingList\CppCLR_WinFormsProject1\Candlestick.h(10,11): message : see declaration of 'Candlestick'
C:\Users\shrij\source\repos\CppCLR_WinFormsProject1 - BindingList\CppCLR_WinFormsProject1\MyForm.h(39,29): warning C4101: 'filteredData': unreferenced local variable
C:\Users\shrij\source\repos\CppCLR_WinFormsProject1 - BindingList\CppCLR_WinFormsProject1\MyForm.h(40,29): warning C4101: 'smartDataList': unreferenced local variable
C:\Users\shrij\source\repos\CppCLR_WinFormsProject1 - BindingList\CppCLR_WinFormsProject1\MyForm.h(41,36): warning C4101: 'bindingList': unreferenced local variable
C:\Users\shrij\source\repos\CppCLR_WinFormsProject1 - BindingList\CppCLR_WinFormsProject1\MyForm.h(38,24): warning C4101: 'allCandlesticks': unreferenced local variable
  Recognizer.cpp
C:\Users\shrij\source\repos\CppCLR_WinFormsProject1 - BindingList\CppCLR_WinFormsProject1\Candlestick.h(54,46): warning C4244: 'argument': conversion from '__int64' to 'long', possible loss of data
  Generating Code...
  .NETFramework,Version=v4.7.2.AssemblyAttributes.cpp
  AssemblyInfo.obj : MSIL module encountered; incremental linking is disabled for MSIL; performing full link
  CppCLR_WinFormsProject1.vcxproj -> C:\Users\shrij\source\repos\CppCLR_WinFormsProject1 - BindingList\x64\Release\CppCLR_WinFormsProject1.exe
